<?xml version="1.0" encoding="UTF-8"?>
<!-- Generated by org.testng.reporters.JUnitXMLReporter -->
<testsuite ignored="0" hostname="DESKTOP-1V7FUM5" failures="0" tests="6" name="Default test" time="17.394" errors="0" timestamp="2021-05-29T14:30:54 EDT">
  <testcase classname="total1.TCFORM" name="TC5" time="0.818"/>
  <testcase classname="total1.TCFORM" name="TC4" time="0.963"/>
  <testcase classname="total1.TCFORM" name="TC3" time="2.761"/>
  <testcase classname="total1.TCFORM" name="TC1" time="3.214"/>
  <testcase classname="total1.TCFORM" name="TC2" time="2.996"/>
  <testcase classname="total1.TCFORM" name="TC6" time="1.047"/>
</testsuite> <!-- Default test -->
