<?xml version="1.0" encoding="UTF-8"?>
<testng-results ignored="0" total="6" passed="6" failed="0" skipped="0">
  <reporter-output>
  </reporter-output>
  <suite started-at="2021-05-29T14:30:37 EDT" name="Default suite" finished-at="2021-05-29T14:30:54 EDT" duration-ms="17394">
    <groups>
    </groups>
    <test started-at="2021-05-29T14:30:37 EDT" name="Default test" finished-at="2021-05-29T14:30:54 EDT" duration-ms="17394">
      <class name="total1.TCFORM">
        <test-method is-config="true" signature="open()[pri:0, instance:total1.TCFORM@732f29af]" started-at="2021-05-29T14:30:37 EDT" name="open" finished-at="2021-05-29T14:30:39 EDT" duration-ms="2381" status="PASS">
          <reporter-output>
          </reporter-output>
        </test-method> <!-- open -->
        <test-method signature="TC5()[pri:1, instance:total1.TCFORM@732f29af]" started-at="2021-05-29T14:30:39 EDT" name="TC5" finished-at="2021-05-29T14:30:40 EDT" duration-ms="818" status="PASS">
          <reporter-output>
          </reporter-output>
        </test-method> <!-- TC5 -->
        <test-method is-config="true" signature="open()[pri:0, instance:total1.TCFORM@732f29af]" started-at="2021-05-29T14:30:40 EDT" name="open" finished-at="2021-05-29T14:30:41 EDT" duration-ms="614" status="PASS">
          <reporter-output>
          </reporter-output>
        </test-method> <!-- open -->
        <test-method signature="TC4()[pri:2, instance:total1.TCFORM@732f29af]" started-at="2021-05-29T14:30:41 EDT" name="TC4" finished-at="2021-05-29T14:30:42 EDT" duration-ms="963" status="PASS">
          <reporter-output>
          </reporter-output>
        </test-method> <!-- TC4 -->
        <test-method is-config="true" signature="open()[pri:0, instance:total1.TCFORM@732f29af]" started-at="2021-05-29T14:30:42 EDT" name="open" finished-at="2021-05-29T14:30:42 EDT" duration-ms="588" status="PASS">
          <reporter-output>
          </reporter-output>
        </test-method> <!-- open -->
        <test-method signature="TC3()[pri:3, instance:total1.TCFORM@732f29af]" started-at="2021-05-29T14:30:42 EDT" name="TC3" finished-at="2021-05-29T14:30:45 EDT" duration-ms="2761" status="PASS">
          <reporter-output>
          </reporter-output>
        </test-method> <!-- TC3 -->
        <test-method is-config="true" signature="open()[pri:0, instance:total1.TCFORM@732f29af]" started-at="2021-05-29T14:30:45 EDT" name="open" finished-at="2021-05-29T14:30:46 EDT" duration-ms="606" status="PASS">
          <reporter-output>
          </reporter-output>
        </test-method> <!-- open -->
        <test-method signature="TC1()[pri:5, instance:total1.TCFORM@732f29af]" started-at="2021-05-29T14:30:46 EDT" name="TC1" finished-at="2021-05-29T14:30:49 EDT" duration-ms="3214" status="PASS">
          <reporter-output>
          </reporter-output>
        </test-method> <!-- TC1 -->
        <test-method is-config="true" signature="open()[pri:0, instance:total1.TCFORM@732f29af]" started-at="2021-05-29T14:30:49 EDT" name="open" finished-at="2021-05-29T14:30:50 EDT" duration-ms="513" status="PASS">
          <reporter-output>
          </reporter-output>
        </test-method> <!-- open -->
        <test-method signature="TC2()[pri:6, instance:total1.TCFORM@732f29af]" started-at="2021-05-29T14:30:50 EDT" name="TC2" finished-at="2021-05-29T14:30:53 EDT" duration-ms="2996" status="PASS">
          <reporter-output>
          </reporter-output>
        </test-method> <!-- TC2 -->
        <test-method is-config="true" signature="open()[pri:0, instance:total1.TCFORM@732f29af]" started-at="2021-05-29T14:30:53 EDT" name="open" finished-at="2021-05-29T14:30:53 EDT" duration-ms="530" status="PASS">
          <reporter-output>
          </reporter-output>
        </test-method> <!-- open -->
        <test-method signature="TC6()[pri:4, instance:total1.TCFORM@732f29af]" started-at="2021-05-29T14:30:53 EDT" name="TC6" finished-at="2021-05-29T14:30:54 EDT" depends-on-methods="total1.TCFORM.TC2" duration-ms="1047" status="PASS">
          <reporter-output>
          </reporter-output>
        </test-method> <!-- TC6 -->
        <test-method is-config="true" signature="close()[pri:0, instance:total1.TCFORM@732f29af]" started-at="2021-05-29T14:30:54 EDT" name="close" finished-at="2021-05-29T14:30:54 EDT" duration-ms="286" status="PASS">
          <reporter-output>
          </reporter-output>
        </test-method> <!-- close -->
      </class> <!-- total1.TCFORM -->
    </test> <!-- Default test -->
  </suite> <!-- Default suite -->
</testng-results>
